0 info it worked if it ends with ok
1 verbose cli [ '/usr/local/Cellar/node/4.2.1/bin/node',
1 verbose cli   '/usr/local/bin/npm',
1 verbose cli   'publish',
1 verbose cli   './' ]
2 info using npm@2.14.7
3 info using node@v4.2.1
4 verbose publish [ './' ]
5 silly cache add args [ './', null ]
6 verbose cache add spec ./
7 silly cache add parsed spec Result {
7 silly cache add   raw: './',
7 silly cache add   scope: null,
7 silly cache add   name: null,
7 silly cache add   rawSpec: './',
7 silly cache add   spec: '/Users/sky/pomodoro',
7 silly cache add   type: 'directory' }
8 verbose addLocalDirectory /Users/sky/.npm/pTimer/0.0.1/package.tgz not in flight; packing
9 verbose tar pack [ '/Users/sky/.npm/pTimer/0.0.1/package.tgz',
9 verbose tar pack   '/Users/sky/pomodoro' ]
10 verbose tarball /Users/sky/.npm/pTimer/0.0.1/package.tgz
11 verbose folder /Users/sky/pomodoro
12 info prepublish pTimer@0.0.1
13 verbose addLocalTarball adding from inside cache /Users/sky/.npm/pTimer/0.0.1/package.tgz
14 silly cache afterAdd pTimer@0.0.1
15 verbose afterAdd /Users/sky/.npm/pTimer/0.0.1/package/package.json not in flight; writing
16 verbose afterAdd /Users/sky/.npm/pTimer/0.0.1/package/package.json written
17 silly publish { name: 'pTimer',
17 silly publish   version: '0.0.1',
17 silly publish   description: 'pomodoro timer adapter for timer.js',
17 silly publish   main: 'index.js',
17 silly publish   scripts: { test: 'echo "Error: no test specified" && exit 1' },
17 silly publish   repository:
17 silly publish    { type: 'git',
17 silly publish      url: 'git+https://github.com/skylerto/pomodoro.git' },
17 silly publish   author: { name: 'Skyler Layne' },
17 silly publish   license: 'MIT',
17 silly publish   bugs: { url: 'https://github.com/skylerto/pomodoro/issues' },
17 silly publish   dependencies: { jquery: '^2.1.4', 'timer.js': '^1.0.3' },
17 silly publish   homepage: 'https://github.com/skylerto/pomodoro#readme',
17 silly publish   devDependencies: { gulp: '^3.9.0', 'gulp-uglify': '^1.4.2' },
17 silly publish   readme: '# Pomodoro\r\nA pomodoro adapter for timer.js\r\n',
17 silly publish   readmeFilename: 'README.md',
17 silly publish   gitHead: 'bd26594ff848559862a6f7092444cddd26bb9b3b',
17 silly publish   _id: 'pTimer@0.0.1',
17 silly publish   _shasum: '65770aadafdc996cddfde737e3d7b34be3b8e2ed',
17 silly publish   _from: '.' }
18 verbose getPublishConfig undefined
19 silly mapToRegistry name pTimer
20 silly mapToRegistry using default registry
21 silly mapToRegistry registry https://registry.npmjs.org/
22 silly mapToRegistry uri https://registry.npmjs.org/pTimer
23 verbose publish registryBase https://registry.npmjs.org/
24 silly publish uploading /Users/sky/.npm/pTimer/0.0.1/package.tgz
25 verbose request uri https://registry.npmjs.org/pTimer
26 verbose request sending authorization for write operation
27 info attempt registry request try #1 at 3:53:02 PM
28 verbose request using bearer token for auth
29 verbose request id 72a96db06b3bfc80
30 http request PUT https://registry.npmjs.org/pTimer
31 http 400 https://registry.npmjs.org/pTimer
32 verbose headers { 'content-type': 'application/json',
32 verbose headers   'cache-control': 'max-age=60',
32 verbose headers   'content-length': '54',
32 verbose headers   'accept-ranges': 'bytes',
32 verbose headers   date: 'Mon, 02 Nov 2015 20:53:02 GMT',
32 verbose headers   via: '1.1 varnish',
32 verbose headers   connection: 'keep-alive',
32 verbose headers   'x-served-by': 'cache-ord1733-ORD',
32 verbose headers   'x-cache': 'MISS',
32 verbose headers   'x-cache-hits': '0',
32 verbose headers   'x-timer': 'S1446497581.934163,VS0,VE787' }
33 verbose request invalidating /Users/sky/.npm/registry.npmjs.org/pTimer on PUT
34 error publish Failed PUT 400
35 verbose stack Error: name can no longer contain capital letters : pTimer
35 verbose stack     at makeError (/usr/local/lib/node_modules/npm/node_modules/npm-registry-client/lib/request.js:264:12)
35 verbose stack     at CachingRegistryClient.<anonymous> (/usr/local/lib/node_modules/npm/node_modules/npm-registry-client/lib/request.js:252:14)
35 verbose stack     at Request._callback (/usr/local/lib/node_modules/npm/node_modules/npm-registry-client/lib/request.js:172:14)
35 verbose stack     at Request.self.callback (/usr/local/lib/node_modules/npm/node_modules/request/request.js:198:22)
35 verbose stack     at emitTwo (events.js:87:13)
35 verbose stack     at Request.emit (events.js:172:7)
35 verbose stack     at Request.<anonymous> (/usr/local/lib/node_modules/npm/node_modules/request/request.js:1063:14)
35 verbose stack     at emitOne (events.js:82:20)
35 verbose stack     at Request.emit (events.js:169:7)
35 verbose stack     at IncomingMessage.<anonymous> (/usr/local/lib/node_modules/npm/node_modules/request/request.js:1009:12)
36 verbose statusCode 400
37 verbose pkgid pTimer
38 verbose cwd /Users/sky/pomodoro
39 error Darwin 15.0.0
40 error argv "/usr/local/Cellar/node/4.2.1/bin/node" "/usr/local/bin/npm" "publish" "./"
41 error node v4.2.1
42 error npm  v2.14.7
43 error code E400
44 error name can no longer contain capital letters : pTimer
45 error If you need help, you may report this error at:
45 error     <https://github.com/npm/npm/issues>
46 verbose exit [ 1, true ]
